[Tue Jan 26 16:03:47.471684 2021] [ssl:warn] [pid 5552:tid 532] AH01873: Init: Session Cache is not configured [hint: SSLSessionCache]
[Tue Jan 26 16:03:47.543494 2021] [mpm_winnt:notice] [pid 5552:tid 532] AH00455: Apache/2.4.46 (Win64) OpenSSL/1.1.1g configured -- resuming normal operations
[Tue Jan 26 16:03:47.543494 2021] [mpm_winnt:notice] [pid 5552:tid 532] AH00456: Apache Lounge VC15 Server built: Aug  4 2020 11:50:23
[Tue Jan 26 16:03:47.543494 2021] [core:notice] [pid 5552:tid 532] AH00094: Command line: 'C:\\xampp\\apache\\bin\\httpd.exe -d C:/xampp/apache'
[Tue Jan 26 16:03:47.544492 2021] [mpm_winnt:notice] [pid 5552:tid 532] AH00418: Parent: Created child process 17672
[Tue Jan 26 16:03:47.917276 2021] [ssl:warn] [pid 17672:tid 640] AH01873: Init: Session Cache is not configured [hint: SSLSessionCache]
[Tue Jan 26 16:03:47.952183 2021] [mpm_winnt:notice] [pid 17672:tid 640] AH00354: Child: Starting 150 worker threads.
[Tue Jan 26 16:11:26.789459 2021] [mpm_winnt:notice] [pid 5552:tid 532] AH00422: Parent: Received shutdown signal -- Shutting down the server.
[Tue Jan 26 16:11:28.797762 2021] [mpm_winnt:notice] [pid 17672:tid 640] AH00364: Child: All worker threads have exited.
[Tue Jan 26 16:11:28.866221 2021] [mpm_winnt:notice] [pid 5552:tid 532] AH00430: Parent: Child process 17672 exited successfully.
[Tue Jan 26 16:12:22.201732 2021] [ssl:warn] [pid 19828:tid 672] AH01873: Init: Session Cache is not configured [hint: SSLSessionCache]
[Tue Jan 26 16:12:22.238671 2021] [mpm_winnt:notice] [pid 19828:tid 672] AH00455: Apache/2.4.46 (Win64) OpenSSL/1.1.1g configured -- resuming normal operations
[Tue Jan 26 16:12:22.238671 2021] [mpm_winnt:notice] [pid 19828:tid 672] AH00456: Apache Lounge VC15 Server built: Aug  4 2020 11:50:23
[Tue Jan 26 16:12:22.238671 2021] [core:notice] [pid 19828:tid 672] AH00094: Command line: 'C:\\xampp\\apache\\bin\\httpd.exe -d C:/xampp/apache'
[Tue Jan 26 16:12:22.240669 2021] [mpm_winnt:notice] [pid 19828:tid 672] AH00418: Parent: Created child process 18780
[Tue Jan 26 16:12:22.588620 2021] [ssl:warn] [pid 18780:tid 512] AH01873: Init: Session Cache is not configured [hint: SSLSessionCache]
[Tue Jan 26 16:12:22.625523 2021] [mpm_winnt:notice] [pid 18780:tid 512] AH00354: Child: Starting 150 worker threads.
[Tue Jan 26 16:30:17.741140 2021] [mpm_winnt:notice] [pid 19828:tid 672] AH00422: Parent: Received shutdown signal -- Shutting down the server.
[Tue Jan 26 16:30:19.769243 2021] [mpm_winnt:notice] [pid 18780:tid 512] AH00364: Child: All worker threads have exited.
[Tue Jan 26 16:30:19.851110 2021] [mpm_winnt:notice] [pid 19828:tid 672] AH00430: Parent: Child process 18780 exited successfully.
[Tue Jan 26 16:30:32.546709 2021] [ssl:warn] [pid 17712:tid 676] AH01873: Init: Session Cache is not configured [hint: SSLSessionCache]
[Tue Jan 26 16:30:32.583610 2021] [mpm_winnt:notice] [pid 17712:tid 676] AH00455: Apache/2.4.46 (Win64) OpenSSL/1.1.1g configured -- resuming normal operations
[Tue Jan 26 16:30:32.583610 2021] [mpm_winnt:notice] [pid 17712:tid 676] AH00456: Apache Lounge VC15 Server built: Aug  4 2020 11:50:23
[Tue Jan 26 16:30:32.583610 2021] [core:notice] [pid 17712:tid 676] AH00094: Command line: 'C:\\xampp\\apache\\bin\\httpd.exe -d C:/xampp/apache'
[Tue Jan 26 16:30:32.585604 2021] [mpm_winnt:notice] [pid 17712:tid 676] AH00418: Parent: Created child process 8088
[Tue Jan 26 16:30:32.932780 2021] [ssl:warn] [pid 8088:tid 612] AH01873: Init: Session Cache is not configured [hint: SSLSessionCache]
[Tue Jan 26 16:30:32.966689 2021] [mpm_winnt:notice] [pid 8088:tid 612] AH00354: Child: Starting 150 worker threads.
[Tue Jan 26 16:41:22.561394 2021] [mpm_winnt:notice] [pid 17712:tid 676] AH00422: Parent: Received shutdown signal -- Shutting down the server.
[Tue Jan 26 16:41:26.873290 2021] [mpm_winnt:notice] [pid 8088:tid 612] AH00364: Child: All worker threads have exited.
[Tue Jan 26 16:41:26.956731 2021] [mpm_winnt:notice] [pid 17712:tid 676] AH00430: Parent: Child process 8088 exited successfully.
[Tue Jan 26 16:41:35.223268 2021] [ssl:warn] [pid 19280:tid 680] AH01873: Init: Session Cache is not configured [hint: SSLSessionCache]
[Tue Jan 26 16:41:35.255279 2021] [mpm_winnt:notice] [pid 19280:tid 680] AH00455: Apache/2.4.46 (Win64) OpenSSL/1.1.1g configured -- resuming normal operations
[Tue Jan 26 16:41:35.255279 2021] [mpm_winnt:notice] [pid 19280:tid 680] AH00456: Apache Lounge VC15 Server built: Aug  4 2020 11:50:23
[Tue Jan 26 16:41:35.255279 2021] [core:notice] [pid 19280:tid 680] AH00094: Command line: 'C:\\xampp\\apache\\bin\\httpd.exe -d C:/xampp/apache'
[Tue Jan 26 16:41:35.256989 2021] [mpm_winnt:notice] [pid 19280:tid 680] AH00418: Parent: Created child process 21300
[Tue Jan 26 16:41:35.609545 2021] [ssl:warn] [pid 21300:tid 548] AH01873: Init: Session Cache is not configured [hint: SSLSessionCache]
[Tue Jan 26 16:41:35.641419 2021] [mpm_winnt:notice] [pid 21300:tid 548] AH00354: Child: Starting 150 worker threads.
[Tue Jan 26 17:00:52.734590 2021] [mpm_winnt:notice] [pid 19280:tid 680] AH00422: Parent: Received shutdown signal -- Shutting down the server.
[Tue Jan 26 17:01:22.740472 2021] [mpm_winnt:notice] [pid 19280:tid 680] AH00431: Parent: Forcing termination of child process 21300
