InnoDB: using atomic writes.
2021-01-26 16:03:58 0 [Note] InnoDB: The first innodb_system data file 'ibdata1' did not exist. A new tablespace will be created!
2021-01-26 16:03:58 0 [Note] InnoDB: Mutexes and rw_locks use Windows interlocked functions
2021-01-26 16:03:58 0 [Note] InnoDB: Uses event mutexes
2021-01-26 16:03:58 0 [Note] InnoDB: Compressed tables use zlib 1.2.11
2021-01-26 16:03:58 0 [Note] InnoDB: Number of pools: 1
2021-01-26 16:03:58 0 [Note] InnoDB: Using SSE2 crc32 instructions
2021-01-26 16:03:58 0 [Note] InnoDB: Initializing buffer pool, total size = 128M, instances = 1, chunk size = 128M
2021-01-26 16:03:58 0 [Note] InnoDB: Completed initialization of buffer pool
2021-01-26 16:03:58 0 [Note] InnoDB: Setting file '.\ibdata1' size to 12 MB. Physically writing the file full; Please wait ...
2021-01-26 16:03:58 0 [Note] InnoDB: File '.\ibdata1' size is now 12 MB.
2021-01-26 16:03:58 0 [Note] InnoDB: Setting log file .\ib_logfile101 size to 50331648 bytes
2021-01-26 16:03:58 0 [Note] InnoDB: Setting log file .\ib_logfile1 size to 50331648 bytes
2021-01-26 16:03:58 0 [Note] InnoDB: Renaming log file .\ib_logfile101 to .\ib_logfile0
2021-01-26 16:03:58 0 [Note] InnoDB: New log files created, LSN=11451
2021-01-26 16:03:58 0 [Note] InnoDB: Doublewrite buffer not found: creating new
2021-01-26 16:03:58 0 [Note] InnoDB: Doublewrite buffer created
2021-01-26 16:03:58 0 [Note] InnoDB: 128 out of 128 rollback segments are active.
2021-01-26 16:03:58 0 [Note] InnoDB: Creating foreign key constraint system tables.
2021-01-26 16:03:58 0 [Note] InnoDB: Creating tablespace and datafile system tables.
2021-01-26 16:03:58 0 [Note] InnoDB: Creating sys_virtual system tables.
2021-01-26 16:03:58 0 [Note] InnoDB: Creating shared tablespace for temporary tables
2021-01-26 16:03:58 0 [Note] InnoDB: Setting file '.\ibtmp1' size to 12 MB. Physically writing the file full; Please wait ...
2021-01-26 16:03:58 0 [Note] InnoDB: File '.\ibtmp1' size is now 12 MB.
2021-01-26 16:03:58 0 [Note] InnoDB: Waiting for purge to start
2021-01-26 16:03:58 0 [Note] InnoDB: 10.4.14 started; log sequence number 0; transaction id 7
2021-01-26 16:03:58 0 [Note] Plugin 'FEEDBACK' is disabled.
2021-01-26 16:03:58 0 [Note] Server socket created on IP: '127.0.0.1'.
2021-01-26 16:03:58 6 [Warning] Failed to load slave replication state from table mysql.gtid_slave_pos: 1932: Table 'mysql.gtid_slave_pos' doesn't exist in engine
2021-01-26 16:03:58 0 [Note] Reading of all Master_info entries succeeded
2021-01-26 16:03:58 0 [Note] Added new Master_info '' to hash table
2021-01-26 16:03:58 0 [Note] C:\xampp\mysql\bin\mysqld.exe: ready for connections.
Version: '10.4.14-MariaDB'  socket: ''  port: 3306  mariadb.org binary distribution
2021-01-26 16:04:48 11 [ERROR] mysqld.exe: Table '.\zentaopro\zt_config' is marked as crashed and should be repaired
2021-01-26 16:04:48 11 [Warning] Checking table:   '.\zentaopro\zt_config'
2021-01-26 16:04:48 12 [ERROR] mysqld.exe: Table '.\zentaoep\zt_config' is marked as crashed and should be repaired
2021-01-26 16:04:48 12 [Warning] Checking table:   '.\zentaoep\zt_config'
2021-01-26 16:04:49 11 [ERROR] mysqld.exe: Table '.\zentaopro\zt_user' is marked as crashed and should be repaired
2021-01-26 16:04:49 11 [Warning] Checking table:   '.\zentaopro\zt_user'
2021-01-26 16:04:49 12 [ERROR] mysqld.exe: Table '.\zentaoep\zt_user' is marked as crashed and should be repaired
2021-01-26 16:04:49 12 [Warning] Checking table:   '.\zentaoep\zt_user'
2021-01-26 16:04:49 11 [ERROR] mysqld.exe: Table '.\zentaopro\zt_company' is marked as crashed and should be repaired
2021-01-26 16:04:49 11 [Warning] Checking table:   '.\zentaopro\zt_company'
2021-01-26 16:04:49 12 [ERROR] mysqld.exe: Table '.\zentaoep\zt_company' is marked as crashed and should be repaired
2021-01-26 16:04:49 12 [Warning] Checking table:   '.\zentaoep\zt_company'
2021-01-26 16:04:49 12 [ERROR] mysqld.exe: Table '.\zentaoep\zt_workflow' is marked as crashed and should be repaired
2021-01-26 16:04:49 12 [Warning] Checking table:   '.\zentaoep\zt_workflow'
2021-01-26 16:04:49 12 [ERROR] mysqld.exe: Table '.\zentaoep\zt_workflowlabel' is marked as crashed and should be repaired
2021-01-26 16:04:49 12 [Warning] Checking table:   '.\zentaoep\zt_workflowlabel'
2021-01-26 16:04:52 13 [ERROR] mysqld.exe: Table '.\zentao\zt_config' is marked as crashed and should be repaired
2021-01-26 16:04:52 13 [Warning] Checking table:   '.\zentao\zt_config'
2021-01-26 16:04:53 13 [ERROR] mysqld.exe: Table '.\zentao\zt_company' is marked as crashed and should be repaired
2021-01-26 16:04:53 13 [Warning] Checking table:   '.\zentao\zt_company'
2021-01-26 16:04:53 13 [ERROR] mysqld.exe: Table '.\zentao\zt_user' is marked as crashed and should be repaired
2021-01-26 16:04:53 13 [Warning] Checking table:   '.\zentao\zt_user'
2021-01-26 16:04:53 14 [ERROR] mysqld.exe: Table '.\zentao\zt_cron' is marked as crashed and should be repaired
2021-01-26 16:04:53 14 [Warning] Checking table:   '.\zentao\zt_cron'
2021-01-26 16:06:33 18 [Warning] Access denied for user 'root'@'localhost' (using password: NO)
2021-01-26 16:07:48 22 [ERROR] mysqld.exe: Table '.\zentaoep\zt_cron' is marked as crashed and should be repaired
2021-01-26 16:07:48 22 [Warning] Checking table:   '.\zentaoep\zt_cron'
2021-01-26 16:07:48 22 [ERROR] mysqld.exe: Table '.\zentaoep\zt_group' is marked as crashed and should be repaired
2021-01-26 16:07:48 22 [Warning] Checking table:   '.\zentaoep\zt_group'
2021-01-26 16:07:48 22 [ERROR] mysqld.exe: Table '.\zentaoep\zt_grouppriv' is marked as crashed and should be repaired
2021-01-26 16:07:48 22 [Warning] Checking table:   '.\zentaoep\zt_grouppriv'
2021-01-26 16:07:48 22 [ERROR] mysqld.exe: Table '.\zentaoep\zt_report' is marked as crashed and should be repaired
2021-01-26 16:07:48 22 [Warning] Checking table:   '.\zentaoep\zt_report'
2021-01-26 16:07:48 22 [ERROR] mysqld.exe: Table '.\zentaoep\zt_workflowdatasource' is marked as crashed and should be repaired
2021-01-26 16:07:48 22 [Warning] Checking table:   '.\zentaoep\zt_workflowdatasource'
2021-01-26 16:07:48 22 [ERROR] mysqld.exe: Table '.\zentaoep\zt_workflowrule' is marked as crashed and should be repaired
2021-01-26 16:07:48 22 [Warning] Checking table:   '.\zentaoep\zt_workflowrule'
2021-01-26 16:09:01 23 [ERROR] mysqld.exe: Table '.\zentao\zt_group' is marked as crashed and should be repaired
2021-01-26 16:09:01 23 [Warning] Checking table:   '.\zentao\zt_group'
2021-01-26 16:09:01 23 [ERROR] mysqld.exe: Table '.\zentao\zt_grouppriv' is marked as crashed and should be repaired
2021-01-26 16:09:01 23 [Warning] Checking table:   '.\zentao\zt_grouppriv'
2021-01-26 16:11:29 0 [Note] C:\xampp\mysql\bin\mysqld.exe (initiated by: unknown): Normal shutdown
2021-01-26 16:11:29 0 [Note] Event Scheduler: Purging the queue. 0 events
2021-01-26 16:11:29 0 [Note] InnoDB: FTS optimize thread exiting.
2021-01-26 16:11:29 0 [Note] InnoDB: Starting shutdown...
2021-01-26 16:11:29 0 [Note] InnoDB: Dumping buffer pool(s) to C:\xampp\mysql\data\ib_buffer_pool
2021-01-26 16:11:29 0 [Note] InnoDB: Buffer pool(s) dump completed at 210126 16:11:29
2021-01-26 16:11:30 0 [Note] InnoDB: Shutdown completed; log sequence number 47056; transaction id 7
2021-01-26 16:11:30 0 [Note] InnoDB: Removed temporary tablespace data file: "ibtmp1"
2021-01-26 16:11:30 0 [Note] C:\xampp\mysql\bin\mysqld.exe: Shutdown complete

InnoDB: using atomic writes.
2021-01-26 16:12:29 0 [Note] InnoDB: Mutexes and rw_locks use Windows interlocked functions
2021-01-26 16:12:29 0 [Note] InnoDB: Uses event mutexes
2021-01-26 16:12:29 0 [Note] InnoDB: Compressed tables use zlib 1.2.11
2021-01-26 16:12:29 0 [Note] InnoDB: Number of pools: 1
2021-01-26 16:12:29 0 [Note] InnoDB: Using SSE2 crc32 instructions
2021-01-26 16:12:29 0 [Note] InnoDB: Initializing buffer pool, total size = 128M, instances = 1, chunk size = 128M
2021-01-26 16:12:29 0 [Note] InnoDB: Completed initialization of buffer pool
2021-01-26 16:12:29 0 [Note] InnoDB: 128 out of 128 rollback segments are active.
2021-01-26 16:12:29 0 [Note] InnoDB: Creating shared tablespace for temporary tables
2021-01-26 16:12:29 0 [Note] InnoDB: Setting file '.\ibtmp1' size to 12 MB. Physically writing the file full; Please wait ...
2021-01-26 16:12:29 0 [Note] InnoDB: File '.\ibtmp1' size is now 12 MB.
2021-01-26 16:12:29 0 [Note] InnoDB: Waiting for purge to start
2021-01-26 16:12:29 0 [Note] InnoDB: 10.4.14 started; log sequence number 47056; transaction id 9
2021-01-26 16:12:29 0 [Note] Plugin 'FEEDBACK' is disabled.
2021-01-26 16:12:29 0 [Note] InnoDB: Loading buffer pool(s) from C:\xampp\mysql\data\ib_buffer_pool
2021-01-26 16:12:29 0 [Note] InnoDB: Buffer pool(s) load completed at 210126 16:12:29
2021-01-26 16:12:29 0 [Note] Server socket created on IP: '127.0.0.1'.
2021-01-26 16:12:29 6 [Warning] Failed to load slave replication state from table mysql.gtid_slave_pos: 1932: Table 'mysql.gtid_slave_pos' doesn't exist in engine
2021-01-26 16:12:29 0 [Note] Reading of all Master_info entries succeeded
2021-01-26 16:12:29 0 [Note] Added new Master_info '' to hash table
2021-01-26 16:12:29 0 [Note] C:\xampp\mysql\bin\mysqld.exe: ready for connections.
Version: '10.4.14-MariaDB'  socket: ''  port: 3306  mariadb.org binary distribution
2021-01-26 16:30:20 0 [Note] C:\xampp\mysql\bin\mysqld.exe (initiated by: unknown): Normal shutdown
2021-01-26 16:30:20 0 [Note] InnoDB: FTS optimize thread exiting.
2021-01-26 16:30:20 0 [Note] Event Scheduler: Purging the queue. 0 events
2021-01-26 16:30:20 0 [Note] InnoDB: Starting shutdown...
2021-01-26 16:30:20 0 [Note] InnoDB: Dumping buffer pool(s) to C:\xampp\mysql\data\ib_buffer_pool
2021-01-26 16:30:20 0 [Note] InnoDB: Buffer pool(s) dump completed at 210126 16:30:20
2021-01-26 16:30:21 0 [Note] InnoDB: Shutdown completed; log sequence number 47065; transaction id 9
2021-01-26 16:30:21 0 [Note] InnoDB: Removed temporary tablespace data file: "ibtmp1"
2021-01-26 16:30:21 0 [Note] C:\xampp\mysql\bin\mysqld.exe: Shutdown complete

InnoDB: using atomic writes.
2021-01-26 16:30:40 0 [Note] InnoDB: Mutexes and rw_locks use Windows interlocked functions
2021-01-26 16:30:40 0 [Note] InnoDB: Uses event mutexes
2021-01-26 16:30:40 0 [Note] InnoDB: Compressed tables use zlib 1.2.11
2021-01-26 16:30:40 0 [Note] InnoDB: Number of pools: 1
2021-01-26 16:30:40 0 [Note] InnoDB: Using SSE2 crc32 instructions
2021-01-26 16:30:40 0 [Note] InnoDB: Initializing buffer pool, total size = 128M, instances = 1, chunk size = 128M
2021-01-26 16:30:40 0 [Note] InnoDB: Completed initialization of buffer pool
2021-01-26 16:30:40 0 [Note] InnoDB: 128 out of 128 rollback segments are active.
2021-01-26 16:30:40 0 [Note] InnoDB: Creating shared tablespace for temporary tables
2021-01-26 16:30:40 0 [Note] InnoDB: Setting file '.\ibtmp1' size to 12 MB. Physically writing the file full; Please wait ...
2021-01-26 16:30:40 0 [Note] InnoDB: File '.\ibtmp1' size is now 12 MB.
2021-01-26 16:30:40 0 [Note] InnoDB: Waiting for purge to start
2021-01-26 16:30:40 0 [Note] InnoDB: 10.4.14 started; log sequence number 47065; transaction id 9
2021-01-26 16:30:40 0 [Note] InnoDB: Loading buffer pool(s) from C:\xampp\mysql\data\ib_buffer_pool
2021-01-26 16:30:40 0 [Note] Plugin 'FEEDBACK' is disabled.
2021-01-26 16:30:40 0 [Note] InnoDB: Buffer pool(s) load completed at 210126 16:30:40
2021-01-26 16:30:40 0 [Note] Server socket created on IP: '127.0.0.1'.
2021-01-26 16:30:40 6 [Warning] Failed to load slave replication state from table mysql.gtid_slave_pos: 1932: Table 'mysql.gtid_slave_pos' doesn't exist in engine
2021-01-26 16:30:40 0 [Note] Reading of all Master_info entries succeeded
2021-01-26 16:30:40 0 [Note] Added new Master_info '' to hash table
2021-01-26 16:30:40 0 [Note] C:\xampp\mysql\bin\mysqld.exe: ready for connections.
Version: '10.4.14-MariaDB'  socket: ''  port: 3306  mariadb.org binary distribution
2021-01-26 16:31:34 16 [ERROR] mysqld.exe: Table '.\zentaopro\zt_cron' is marked as crashed and should be repaired
2021-01-26 16:31:34 16 [Warning] Checking table:   '.\zentaopro\zt_cron'
2021-01-26 16:31:34 16 [ERROR] mysqld.exe: Table '.\zentaopro\zt_group' is marked as crashed and should be repaired
2021-01-26 16:31:34 16 [Warning] Checking table:   '.\zentaopro\zt_group'
2021-01-26 16:31:34 16 [ERROR] mysqld.exe: Table '.\zentaopro\zt_grouppriv' is marked as crashed and should be repaired
2021-01-26 16:31:34 16 [Warning] Checking table:   '.\zentaopro\zt_grouppriv'
2021-01-26 16:31:34 16 [ERROR] mysqld.exe: Table '.\zentaopro\zt_report' is marked as crashed and should be repaired
2021-01-26 16:31:34 16 [Warning] Checking table:   '.\zentaopro\zt_report'
2021-01-26 16:41:27 0 [Note] C:\xampp\mysql\bin\mysqld.exe (initiated by: unknown): Normal shutdown
2021-01-26 16:41:27 0 [Note] Event Scheduler: Purging the queue. 0 events
2021-01-26 16:41:27 0 [Note] InnoDB: FTS optimize thread exiting.
2021-01-26 16:41:27 0 [Note] InnoDB: Starting shutdown...
2021-01-26 16:41:27 0 [Note] InnoDB: Dumping buffer pool(s) to C:\xampp\mysql\data\ib_buffer_pool
2021-01-26 16:41:27 0 [Note] InnoDB: Buffer pool(s) dump completed at 210126 16:41:27
2021-01-26 16:41:28 0 [Note] InnoDB: Shutdown completed; log sequence number 47074; transaction id 9
2021-01-26 16:41:28 0 [Note] InnoDB: Removed temporary tablespace data file: "ibtmp1"
2021-01-26 16:41:28 0 [Note] C:\xampp\mysql\bin\mysqld.exe: Shutdown complete

InnoDB: using atomic writes.
2021-01-26 16:41:42 0 [Note] InnoDB: Mutexes and rw_locks use Windows interlocked functions
2021-01-26 16:41:42 0 [Note] InnoDB: Uses event mutexes
2021-01-26 16:41:42 0 [Note] InnoDB: Compressed tables use zlib 1.2.11
2021-01-26 16:41:42 0 [Note] InnoDB: Number of pools: 1
2021-01-26 16:41:42 0 [Note] InnoDB: Using SSE2 crc32 instructions
2021-01-26 16:41:42 0 [Note] InnoDB: Initializing buffer pool, total size = 128M, instances = 1, chunk size = 128M
2021-01-26 16:41:42 0 [Note] InnoDB: Completed initialization of buffer pool
2021-01-26 16:41:42 0 [Note] InnoDB: 128 out of 128 rollback segments are active.
2021-01-26 16:41:42 0 [Note] InnoDB: Creating shared tablespace for temporary tables
2021-01-26 16:41:42 0 [Note] InnoDB: Setting file '.\ibtmp1' size to 12 MB. Physically writing the file full; Please wait ...
2021-01-26 16:41:42 0 [Note] InnoDB: File '.\ibtmp1' size is now 12 MB.
2021-01-26 16:41:42 0 [Note] InnoDB: Waiting for purge to start
2021-01-26 16:41:43 0 [Note] InnoDB: 10.4.14 started; log sequence number 47074; transaction id 9
2021-01-26 16:41:43 0 [Note] InnoDB: Loading buffer pool(s) from C:\xampp\mysql\data\ib_buffer_pool
2021-01-26 16:41:43 0 [Note] Plugin 'FEEDBACK' is disabled.
2021-01-26 16:41:43 0 [Note] InnoDB: Buffer pool(s) load completed at 210126 16:41:43
2021-01-26 16:41:43 0 [Note] Server socket created on IP: '127.0.0.1'.
2021-01-26 16:41:43 6 [Warning] Failed to load slave replication state from table mysql.gtid_slave_pos: 1932: Table 'mysql.gtid_slave_pos' doesn't exist in engine
2021-01-26 16:41:43 0 [Note] Reading of all Master_info entries succeeded
2021-01-26 16:41:43 0 [Note] Added new Master_info '' to hash table
2021-01-26 16:41:43 0 [Note] C:\xampp\mysql\bin\mysqld.exe: ready for connections.
Version: '10.4.14-MariaDB'  socket: ''  port: 3306  mariadb.org binary distribution
2021-01-26 17:00:51 87 [Warning] Aborted connection 87 to db: 'zentao' user: 'root' host: 'localhost' (Got an error reading communication packets)
2021-01-26 17:00:51 82 [Warning] Aborted connection 82 to db: 'zentao' user: 'root' host: 'localhost' (Got an error reading communication packets)
2021-01-26 17:00:51 84 [Warning] Aborted connection 84 to db: 'zentao' user: 'root' host: 'localhost' (Got an error reading communication packets)
2021-01-26 17:00:51 88 [Warning] Aborted connection 88 to db: 'zentao' user: 'root' host: 'localhost' (Got an error reading communication packets)
2021-01-26 17:00:51 83 [Warning] Aborted connection 83 to db: 'zentao' user: 'root' host: 'localhost' (Got an error reading communication packets)
2021-01-26 17:00:51 86 [Warning] Aborted connection 86 to db: 'zentao' user: 'root' host: 'localhost' (Got an error reading communication packets)
2021-01-26 17:00:51 85 [Warning] Aborted connection 85 to db: 'zentao' user: 'root' host: 'localhost' (Got an error reading communication packets)
2021-01-26 17:00:51 89 [Warning] Aborted connection 89 to db: 'zentao' user: 'root' host: 'localhost' (Got an error reading communication packets)
2021-01-26 17:01:22 78 [Warning] Aborted connection 78 to db: 'zentao' user: 'root' host: 'localhost' (Got an error reading communication packets)
2021-01-26 17:01:23 0 [Note] C:\xampp\mysql\bin\mysqld.exe (initiated by: unknown): Normal shutdown
2021-01-26 17:01:23 0 [Note] Event Scheduler: Purging the queue. 0 events
2021-01-26 17:01:23 0 [Note] InnoDB: FTS optimize thread exiting.
2021-01-26 17:01:23 0 [Note] InnoDB: Starting shutdown...
2021-01-26 17:01:23 0 [Note] InnoDB: Dumping buffer pool(s) to C:\xampp\mysql\data\ib_buffer_pool
2021-01-26 17:01:23 0 [Note] InnoDB: Buffer pool(s) dump completed at 210126 17:01:23
2021-01-26 17:01:23 0 [Note] InnoDB: Shutdown completed; log sequence number 47083; transaction id 9
2021-01-26 17:01:23 0 [Note] InnoDB: Removed temporary tablespace data file: "ibtmp1"
2021-01-26 17:01:23 0 [Note] C:\xampp\mysql\bin\mysqld.exe: Shutdown complete

InnoDB: using atomic writes.
2021-01-27  9:01:37 0 [Note] InnoDB: Mutexes and rw_locks use Windows interlocked functions
2021-01-27  9:01:37 0 [Note] InnoDB: Uses event mutexes
2021-01-27  9:01:37 0 [Note] InnoDB: Compressed tables use zlib 1.2.11
2021-01-27  9:01:37 0 [Note] InnoDB: Number of pools: 1
2021-01-27  9:01:37 0 [Note] InnoDB: Using SSE2 crc32 instructions
2021-01-27  9:01:37 0 [Note] InnoDB: Initializing buffer pool, total size = 128M, instances = 1, chunk size = 128M
2021-01-27  9:01:37 0 [Note] InnoDB: Completed initialization of buffer pool
2021-01-27  9:01:37 0 [Note] InnoDB: 128 out of 128 rollback segments are active.
2021-01-27  9:01:37 0 [Note] InnoDB: Creating shared tablespace for temporary tables
2021-01-27  9:01:37 0 [Note] InnoDB: Setting file '.\ibtmp1' size to 12 MB. Physically writing the file full; Please wait ...
2021-01-27  9:01:37 0 [Note] InnoDB: File '.\ibtmp1' size is now 12 MB.
2021-01-27  9:01:37 0 [Note] InnoDB: Waiting for purge to start
2021-01-27  9:01:37 0 [Note] InnoDB: 10.4.14 started; log sequence number 47083; transaction id 9
2021-01-27  9:01:37 0 [Note] InnoDB: Loading buffer pool(s) from C:\xampp\mysql\data\ib_buffer_pool
2021-01-27  9:01:37 0 [Note] InnoDB: Buffer pool(s) load completed at 210127  9:01:37
2021-01-27  9:01:37 0 [Note] Plugin 'FEEDBACK' is disabled.
2021-01-27  9:01:37 0 [Note] Server socket created on IP: '127.0.0.1'.
2021-01-27  9:01:37 6 [Warning] Failed to load slave replication state from table mysql.gtid_slave_pos: 1932: Table 'mysql.gtid_slave_pos' doesn't exist in engine
2021-01-27  9:01:37 0 [Note] Reading of all Master_info entries succeeded
2021-01-27  9:01:37 0 [Note] Added new Master_info '' to hash table
2021-01-27  9:01:37 0 [Note] C:\xampp\mysql\bin\mysqld.exe: ready for connections.
Version: '10.4.14-MariaDB'  socket: ''  port: 3306  mariadb.org binary distribution
2021-01-27 13:55:22 0 [Note] C:\xampp\mysql\bin\mysqld.exe (initiated by: unknown): Normal shutdown
2021-01-27 13:55:22 0 [Note] Event Scheduler: Purging the queue. 0 events
2021-01-27 13:55:22 0 [Note] InnoDB: FTS optimize thread exiting.
2021-01-27 13:55:22 0 [Note] InnoDB: Starting shutdown...
2021-01-27 13:55:22 0 [Note] InnoDB: Dumping buffer pool(s) to C:\xampp\mysql\data\ib_buffer_pool
2021-01-27 13:55:22 0 [Note] InnoDB: Buffer pool(s) dump completed at 210127 13:55:22
2021-01-27 13:55:23 0 [Note] InnoDB: Shutdown completed; log sequence number 47092; transaction id 9
2021-01-27 13:55:23 0 [Note] InnoDB: Removed temporary tablespace data file: "ibtmp1"
2021-01-27 13:55:23 0 [Note] C:\xampp\mysql\bin\mysqld.exe: Shutdown complete

InnoDB: using atomic writes.
2021-01-27 14:04:42 0 [Note] InnoDB: Mutexes and rw_locks use Windows interlocked functions
2021-01-27 14:04:42 0 [Note] InnoDB: Uses event mutexes
2021-01-27 14:04:42 0 [Note] InnoDB: Compressed tables use zlib 1.2.11
2021-01-27 14:04:42 0 [Note] InnoDB: Number of pools: 1
2021-01-27 14:04:42 0 [Note] InnoDB: Using SSE2 crc32 instructions
2021-01-27 14:04:42 0 [Note] InnoDB: Initializing buffer pool, total size = 128M, instances = 1, chunk size = 128M
2021-01-27 14:04:42 0 [Note] InnoDB: Completed initialization of buffer pool
2021-01-27 14:04:42 0 [Note] InnoDB: 128 out of 128 rollback segments are active.
2021-01-27 14:04:42 0 [Note] InnoDB: Creating shared tablespace for temporary tables
2021-01-27 14:04:42 0 [Note] InnoDB: Setting file '.\ibtmp1' size to 12 MB. Physically writing the file full; Please wait ...
2021-01-27 14:04:42 0 [Note] InnoDB: File '.\ibtmp1' size is now 12 MB.
2021-01-27 14:04:42 0 [Note] InnoDB: Waiting for purge to start
2021-01-27 14:04:42 0 [Note] InnoDB: 10.4.14 started; log sequence number 47092; transaction id 9
2021-01-27 14:04:42 0 [Note] InnoDB: Loading buffer pool(s) from C:\xampp\mysql\data\ib_buffer_pool
2021-01-27 14:04:42 0 [Note] Plugin 'FEEDBACK' is disabled.
2021-01-27 14:04:42 0 [Note] InnoDB: Buffer pool(s) load completed at 210127 14:04:42
2021-01-27 14:04:42 0 [Note] Server socket created on IP: '127.0.0.1'.
2021-01-27 14:04:42 6 [Warning] Failed to load slave replication state from table mysql.gtid_slave_pos: 1932: Table 'mysql.gtid_slave_pos' doesn't exist in engine
2021-01-27 14:04:42 0 [Note] Reading of all Master_info entries succeeded
2021-01-27 14:04:42 0 [Note] Added new Master_info '' to hash table
2021-01-27 14:04:42 0 [Note] C:\xampp\mysql\bin\mysqld.exe: ready for connections.
Version: '10.4.14-MariaDB'  socket: ''  port: 3306  mariadb.org binary distribution
2021-01-27 14:05:28 9 [Warning] Aborted connection 9 to db: 'zentao' user: 'root' host: 'localhost' (Got an error reading communication packets)
2021-01-27 14:05:28 8 [Warning] Aborted connection 8 to db: 'zentao' user: 'root' host: 'localhost' (Got an error reading communication packets)
2021-01-27 14:12:26 0 [Note] C:\xampp\mysql\bin\mysqld.exe (initiated by: unknown): Normal shutdown
2021-01-27 14:12:26 0 [Note] Event Scheduler: Purging the queue. 0 events
2021-01-27 14:12:26 0 [Note] InnoDB: FTS optimize thread exiting.
2021-01-27 14:12:26 0 [Note] InnoDB: Starting shutdown...
2021-01-27 14:12:26 0 [Note] InnoDB: Dumping buffer pool(s) to C:\xampp\mysql\data\ib_buffer_pool
2021-01-27 14:12:26 0 [Note] InnoDB: Buffer pool(s) dump completed at 210127 14:12:26
2021-01-27 14:12:27 0 [Note] InnoDB: Shutdown completed; log sequence number 47126; transaction id 9
2021-01-27 14:12:27 0 [Note] InnoDB: Removed temporary tablespace data file: "ibtmp1"
2021-01-27 14:12:27 0 [Note] C:\xampp\mysql\bin\mysqld.exe: Shutdown complete

InnoDB: using atomic writes.
2021-01-27 14:24:47 0 [Note] InnoDB: Mutexes and rw_locks use Windows interlocked functions
2021-01-27 14:24:47 0 [Note] InnoDB: Uses event mutexes
2021-01-27 14:24:47 0 [Note] InnoDB: Compressed tables use zlib 1.2.11
2021-01-27 14:24:47 0 [Note] InnoDB: Number of pools: 1
2021-01-27 14:24:47 0 [Note] InnoDB: Using SSE2 crc32 instructions
2021-01-27 14:24:47 0 [Note] InnoDB: Initializing buffer pool, total size = 128M, instances = 1, chunk size = 128M
2021-01-27 14:24:47 0 [Note] InnoDB: Completed initialization of buffer pool
2021-01-27 14:24:47 0 [Note] InnoDB: 128 out of 128 rollback segments are active.
2021-01-27 14:24:47 0 [Note] InnoDB: Creating shared tablespace for temporary tables
2021-01-27 14:24:47 0 [Note] InnoDB: Setting file '.\ibtmp1' size to 12 MB. Physically writing the file full; Please wait ...
2021-01-27 14:24:47 0 [Note] InnoDB: File '.\ibtmp1' size is now 12 MB.
2021-01-27 14:24:47 0 [Note] InnoDB: Waiting for purge to start
2021-01-27 14:24:47 0 [Note] InnoDB: 10.4.14 started; log sequence number 47126; transaction id 9
2021-01-27 14:24:47 0 [Note] InnoDB: Loading buffer pool(s) from C:\xampp\mysql\data\ib_buffer_pool
2021-01-27 14:24:47 0 [Note] Plugin 'FEEDBACK' is disabled.
2021-01-27 14:24:47 0 [Note] InnoDB: Buffer pool(s) load completed at 210127 14:24:47
2021-01-27 14:24:47 0 [Note] Server socket created on IP: '127.0.0.1'.
2021-01-27 14:24:47 6 [Warning] Failed to load slave replication state from table mysql.gtid_slave_pos: 1932: Table 'mysql.gtid_slave_pos' doesn't exist in engine
2021-01-27 14:24:47 0 [Note] Reading of all Master_info entries succeeded
2021-01-27 14:24:47 0 [Note] Added new Master_info '' to hash table
2021-01-27 14:24:47 0 [Note] C:\xampp\mysql\bin\mysqld.exe: ready for connections.
Version: '10.4.14-MariaDB'  socket: ''  port: 3306  mariadb.org binary distribution
2021-01-27 14:26:52 9 [Warning] Access denied for user 'root'@'localhost' (using password: YES)
2021-01-27 14:27:02 10 [Warning] Access denied for user 'root'@'localhost' (using password: YES)
2021-01-27 14:27:11 11 [Warning] Access denied for user 'root'@'localhost' (using password: YES)
2021-01-27 14:27:22 12 [Warning] Access denied for user 'root'@'localhost' (using password: YES)
2021-01-27 14:28:16 14 [Warning] Access denied for user 'root'@'localhost' (using password: YES)
2021-01-27 14:35:59 0 [Note] C:\xampp\mysql\bin\mysqld.exe (initiated by: unknown): Normal shutdown
2021-01-27 14:35:59 0 [Note] Event Scheduler: Purging the queue. 0 events
2021-01-27 14:35:59 0 [Note] InnoDB: FTS optimize thread exiting.
2021-01-27 14:35:59 0 [Note] InnoDB: Starting shutdown...
2021-01-27 14:35:59 0 [Note] InnoDB: Dumping buffer pool(s) to C:\xampp\mysql\data\ib_buffer_pool
2021-01-27 14:35:59 0 [Note] InnoDB: Buffer pool(s) dump completed at 210127 14:35:59
2021-01-27 14:36:00 0 [Note] InnoDB: Shutdown completed; log sequence number 47135; transaction id 9
2021-01-27 14:36:00 0 [Note] InnoDB: Removed temporary tablespace data file: "ibtmp1"
2021-01-27 14:36:00 0 [Note] C:\xampp\mysql\bin\mysqld.exe: Shutdown complete

InnoDB: using atomic writes.
2021-01-27 14:41:14 0 [Note] InnoDB: Mutexes and rw_locks use Windows interlocked functions
2021-01-27 14:41:14 0 [Note] InnoDB: Uses event mutexes
2021-01-27 14:41:14 0 [Note] InnoDB: Compressed tables use zlib 1.2.11
2021-01-27 14:41:14 0 [Note] InnoDB: Number of pools: 1
2021-01-27 14:41:14 0 [Note] InnoDB: Using SSE2 crc32 instructions
2021-01-27 14:41:14 0 [Note] InnoDB: Initializing buffer pool, total size = 128M, instances = 1, chunk size = 128M
2021-01-27 14:41:14 0 [Note] InnoDB: Completed initialization of buffer pool
2021-01-27 14:41:14 0 [Note] InnoDB: 128 out of 128 rollback segments are active.
2021-01-27 14:41:14 0 [Note] InnoDB: Creating shared tablespace for temporary tables
2021-01-27 14:41:14 0 [Note] InnoDB: Setting file '.\ibtmp1' size to 12 MB. Physically writing the file full; Please wait ...
2021-01-27 14:41:14 0 [Note] InnoDB: File '.\ibtmp1' size is now 12 MB.
2021-01-27 14:41:14 0 [Note] InnoDB: Waiting for purge to start
2021-01-27 14:41:14 0 [Note] InnoDB: 10.4.14 started; log sequence number 47135; transaction id 9
2021-01-27 14:41:14 0 [Note] InnoDB: Loading buffer pool(s) from C:\xampp\mysql\data\ib_buffer_pool
2021-01-27 14:41:14 0 [Note] Plugin 'FEEDBACK' is disabled.
2021-01-27 14:41:14 0 [Note] InnoDB: Buffer pool(s) load completed at 210127 14:41:14
2021-01-27 14:41:14 0 [Note] Server socket created on IP: '127.0.0.1'.
2021-01-27 14:41:14 6 [Warning] Failed to load slave replication state from table mysql.gtid_slave_pos: 1932: Table 'mysql.gtid_slave_pos' doesn't exist in engine
2021-01-27 14:41:14 0 [Note] Reading of all Master_info entries succeeded
2021-01-27 14:41:14 0 [Note] Added new Master_info '' to hash table
2021-01-27 14:41:14 0 [Note] C:\xampp\mysql\bin\mysqld.exe: ready for connections.
Version: '10.4.14-MariaDB'  socket: ''  port: 3306  mariadb.org binary distribution
2021-01-27 14:57:07 0 [Note] C:\xampp\mysql\bin\mysqld.exe (initiated by: unknown): Normal shutdown
2021-01-27 14:57:07 0 [Note] Event Scheduler: Purging the queue. 0 events
2021-01-27 14:57:07 0 [Note] InnoDB: FTS optimize thread exiting.
2021-01-27 14:57:07 0 [Note] InnoDB: Starting shutdown...
2021-01-27 14:57:07 0 [Note] InnoDB: Dumping buffer pool(s) to C:\xampp\mysql\data\ib_buffer_pool
2021-01-27 14:57:07 0 [Note] InnoDB: Buffer pool(s) dump completed at 210127 14:57:07
2021-01-27 14:57:08 0 [Note] InnoDB: Shutdown completed; log sequence number 47144; transaction id 9
2021-01-27 14:57:08 0 [Note] InnoDB: Removed temporary tablespace data file: "ibtmp1"
2021-01-27 14:57:08 0 [Note] C:\xampp\mysql\bin\mysqld.exe: Shutdown complete

InnoDB: using atomic writes.
2021-01-27 16:36:55 0 [Note] InnoDB: Mutexes and rw_locks use Windows interlocked functions
2021-01-27 16:36:55 0 [Note] InnoDB: Uses event mutexes
2021-01-27 16:36:55 0 [Note] InnoDB: Compressed tables use zlib 1.2.11
2021-01-27 16:36:55 0 [Note] InnoDB: Number of pools: 1
2021-01-27 16:36:55 0 [Note] InnoDB: Using SSE2 crc32 instructions
2021-01-27 16:36:55 0 [Note] InnoDB: Initializing buffer pool, total size = 128M, instances = 1, chunk size = 128M
2021-01-27 16:36:55 0 [Note] InnoDB: Completed initialization of buffer pool
2021-01-27 16:36:56 0 [Note] InnoDB: 128 out of 128 rollback segments are active.
2021-01-27 16:36:56 0 [Note] InnoDB: Creating shared tablespace for temporary tables
2021-01-27 16:36:56 0 [Note] InnoDB: Setting file '.\ibtmp1' size to 12 MB. Physically writing the file full; Please wait ...
2021-01-27 16:36:56 0 [Note] InnoDB: File '.\ibtmp1' size is now 12 MB.
2021-01-27 16:36:56 0 [Note] InnoDB: Waiting for purge to start
2021-01-27 16:36:56 0 [Note] InnoDB: 10.4.14 started; log sequence number 47144; transaction id 9
2021-01-27 16:36:56 0 [Note] InnoDB: Loading buffer pool(s) from C:\xampp\mysql\data\ib_buffer_pool
2021-01-27 16:36:56 0 [Note] Plugin 'FEEDBACK' is disabled.
2021-01-27 16:36:56 0 [Note] InnoDB: Buffer pool(s) load completed at 210127 16:36:56
2021-01-27 16:36:56 0 [Note] Server socket created on IP: '127.0.0.1'.
2021-01-27 16:36:56 6 [Warning] Failed to load slave replication state from table mysql.gtid_slave_pos: 1932: Table 'mysql.gtid_slave_pos' doesn't exist in engine
2021-01-27 16:36:56 0 [Note] Reading of all Master_info entries succeeded
2021-01-27 16:36:56 0 [Note] Added new Master_info '' to hash table
2021-01-27 16:36:56 0 [Note] C:\xampp\mysql\bin\mysqld.exe: ready for connections.
Version: '10.4.14-MariaDB'  socket: ''  port: 3306  mariadb.org binary distribution
2021-01-27 17:03:38 208 [Warning] Aborted connection 208 to db: 'zentao' user: 'root' host: 'localhost' (Got an error reading communication packets)
2021-01-27 17:03:38 0 [Note] C:\xampp\mysql\bin\mysqld.exe (initiated by: unknown): Normal shutdown
2021-01-27 17:03:38 0 [Note] Event Scheduler: Purging the queue. 0 events
2021-01-27 17:03:38 0 [Note] InnoDB: FTS optimize thread exiting.
2021-01-27 17:03:38 0 [Note] InnoDB: Starting shutdown...
2021-01-27 17:03:38 0 [Note] InnoDB: Dumping buffer pool(s) to C:\xampp\mysql\data\ib_buffer_pool
2021-01-27 17:03:38 0 [Note] InnoDB: Buffer pool(s) dump completed at 210127 17:03:38
2021-01-27 17:03:39 0 [Note] InnoDB: Shutdown completed; log sequence number 47153; transaction id 9
2021-01-27 17:03:39 0 [Note] InnoDB: Removed temporary tablespace data file: "ibtmp1"
2021-01-27 17:03:39 0 [Note] C:\xampp\mysql\bin\mysqld.exe: Shutdown complete

InnoDB: using atomic writes.
2021-01-27 17:03:53 0 [Note] InnoDB: Mutexes and rw_locks use Windows interlocked functions
2021-01-27 17:03:53 0 [Note] InnoDB: Uses event mutexes
2021-01-27 17:03:53 0 [Note] InnoDB: Compressed tables use zlib 1.2.11
2021-01-27 17:03:53 0 [Note] InnoDB: Number of pools: 1
2021-01-27 17:03:53 0 [Note] InnoDB: Using SSE2 crc32 instructions
2021-01-27 17:03:53 0 [Note] InnoDB: Initializing buffer pool, total size = 128M, instances = 1, chunk size = 128M
2021-01-27 17:03:53 0 [Note] InnoDB: Completed initialization of buffer pool
2021-01-27 17:03:53 0 [Note] InnoDB: 128 out of 128 rollback segments are active.
2021-01-27 17:03:53 0 [Note] InnoDB: Creating shared tablespace for temporary tables
2021-01-27 17:03:53 0 [Note] InnoDB: Setting file '.\ibtmp1' size to 12 MB. Physically writing the file full; Please wait ...
2021-01-27 17:03:53 0 [Note] InnoDB: File '.\ibtmp1' size is now 12 MB.
2021-01-27 17:03:53 0 [Note] InnoDB: Waiting for purge to start
2021-01-27 17:03:53 0 [Note] InnoDB: 10.4.14 started; log sequence number 47153; transaction id 9
2021-01-27 17:03:53 0 [Note] InnoDB: Loading buffer pool(s) from C:\xampp\mysql\data\ib_buffer_pool
2021-01-27 17:03:53 0 [Note] Plugin 'FEEDBACK' is disabled.
2021-01-27 17:03:53 0 [Note] InnoDB: Buffer pool(s) load completed at 210127 17:03:53
2021-01-27 17:03:53 0 [Note] Server socket created on IP: '127.0.0.1'.
2021-01-27 17:03:54 6 [Warning] Failed to load slave replication state from table mysql.gtid_slave_pos: 1932: Table 'mysql.gtid_slave_pos' doesn't exist in engine
2021-01-27 17:03:54 0 [Note] Reading of all Master_info entries succeeded
2021-01-27 17:03:54 0 [Note] Added new Master_info '' to hash table
2021-01-27 17:03:54 0 [Note] C:\xampp\mysql\bin\mysqld.exe: ready for connections.
Version: '10.4.14-MariaDB'  socket: ''  port: 3306  mariadb.org binary distribution
2021-01-27 17:06:24 12 [Warning] Aborted connection 12 to db: 'zentao' user: 'root' host: 'localhost' (Got an error reading communication packets)
2021-01-27 17:06:24 0 [Note] C:\xampp\mysql\bin\mysqld.exe (initiated by: unknown): Normal shutdown
2021-01-27 17:06:24 0 [Note] Event Scheduler: Purging the queue. 0 events
2021-01-27 17:06:24 0 [Note] InnoDB: FTS optimize thread exiting.
2021-01-27 17:06:24 0 [Note] InnoDB: Starting shutdown...
2021-01-27 17:06:24 0 [Note] InnoDB: Dumping buffer pool(s) to C:\xampp\mysql\data\ib_buffer_pool
2021-01-27 17:06:24 0 [Note] InnoDB: Buffer pool(s) dump completed at 210127 17:06:24
2021-01-27 17:06:25 0 [Note] InnoDB: Shutdown completed; log sequence number 47162; transaction id 9
2021-01-27 17:06:25 0 [Note] InnoDB: Removed temporary tablespace data file: "ibtmp1"
2021-01-27 17:06:25 0 [Note] C:\xampp\mysql\bin\mysqld.exe: Shutdown complete

InnoDB: using atomic writes.
2021-01-27 17:06:38 0 [Note] InnoDB: Mutexes and rw_locks use Windows interlocked functions
2021-01-27 17:06:38 0 [Note] InnoDB: Uses event mutexes
2021-01-27 17:06:38 0 [Note] InnoDB: Compressed tables use zlib 1.2.11
2021-01-27 17:06:38 0 [Note] InnoDB: Number of pools: 1
2021-01-27 17:06:38 0 [Note] InnoDB: Using SSE2 crc32 instructions
2021-01-27 17:06:38 0 [Note] InnoDB: Initializing buffer pool, total size = 128M, instances = 1, chunk size = 128M
2021-01-27 17:06:38 0 [Note] InnoDB: Completed initialization of buffer pool
2021-01-27 17:06:39 0 [Note] InnoDB: 128 out of 128 rollback segments are active.
2021-01-27 17:06:39 0 [Note] InnoDB: Creating shared tablespace for temporary tables
2021-01-27 17:06:39 0 [Note] InnoDB: Setting file '.\ibtmp1' size to 12 MB. Physically writing the file full; Please wait ...
2021-01-27 17:06:39 0 [Note] InnoDB: File '.\ibtmp1' size is now 12 MB.
2021-01-27 17:06:39 0 [Note] InnoDB: Waiting for purge to start
2021-01-27 17:06:39 0 [Note] InnoDB: 10.4.14 started; log sequence number 47162; transaction id 9
2021-01-27 17:06:39 0 [Note] InnoDB: Loading buffer pool(s) from C:\xampp\mysql\data\ib_buffer_pool
2021-01-27 17:06:39 0 [Note] Plugin 'FEEDBACK' is disabled.
2021-01-27 17:06:39 0 [Note] InnoDB: Buffer pool(s) load completed at 210127 17:06:39
2021-01-27 17:06:39 0 [Note] Server socket created on IP: '127.0.0.1'.
2021-01-27 17:06:39 6 [Warning] Failed to load slave replication state from table mysql.gtid_slave_pos: 1932: Table 'mysql.gtid_slave_pos' doesn't exist in engine
2021-01-27 17:06:39 0 [Note] Reading of all Master_info entries succeeded
2021-01-27 17:06:39 0 [Note] Added new Master_info '' to hash table
2021-01-27 17:06:39 0 [Note] C:\xampp\mysql\bin\mysqld.exe: ready for connections.
Version: '10.4.14-MariaDB'  socket: ''  port: 3306  mariadb.org binary distribution
2021-01-27 17:08:02 9 [Warning] Aborted connection 9 to db: 'zentao' user: 'root' host: 'localhost' (Got an error reading communication packets)
2021-01-27 17:08:02 0 [Note] C:\xampp\mysql\bin\mysqld.exe (initiated by: unknown): Normal shutdown
2021-01-27 17:08:02 0 [Note] Event Scheduler: Purging the queue. 0 events
2021-01-27 17:08:02 0 [Note] InnoDB: FTS optimize thread exiting.
2021-01-27 17:08:02 0 [Note] InnoDB: Starting shutdown...
2021-01-27 17:08:02 0 [Note] InnoDB: Dumping buffer pool(s) to C:\xampp\mysql\data\ib_buffer_pool
2021-01-27 17:08:02 0 [Note] InnoDB: Buffer pool(s) dump completed at 210127 17:08:02
2021-01-27 17:08:04 0 [Note] InnoDB: Shutdown completed; log sequence number 47171; transaction id 9
2021-01-27 17:08:04 0 [Note] InnoDB: Removed temporary tablespace data file: "ibtmp1"
2021-01-27 17:08:04 0 [Note] C:\xampp\mysql\bin\mysqld.exe: Shutdown complete

InnoDB: using atomic writes.
2021-01-27 17:08:18 0 [Note] InnoDB: Mutexes and rw_locks use Windows interlocked functions
2021-01-27 17:08:18 0 [Note] InnoDB: Uses event mutexes
2021-01-27 17:08:18 0 [Note] InnoDB: Compressed tables use zlib 1.2.11
2021-01-27 17:08:18 0 [Note] InnoDB: Number of pools: 1
2021-01-27 17:08:18 0 [Note] InnoDB: Using SSE2 crc32 instructions
2021-01-27 17:08:18 0 [Note] InnoDB: Initializing buffer pool, total size = 128M, instances = 1, chunk size = 128M
2021-01-27 17:08:18 0 [Note] InnoDB: Completed initialization of buffer pool
2021-01-27 17:08:18 0 [Note] InnoDB: 128 out of 128 rollback segments are active.
2021-01-27 17:08:18 0 [Note] InnoDB: Creating shared tablespace for temporary tables
2021-01-27 17:08:18 0 [Note] InnoDB: Setting file '.\ibtmp1' size to 12 MB. Physically writing the file full; Please wait ...
2021-01-27 17:08:18 0 [Note] InnoDB: File '.\ibtmp1' size is now 12 MB.
2021-01-27 17:08:18 0 [Note] InnoDB: Waiting for purge to start
2021-01-27 17:08:18 0 [Note] InnoDB: 10.4.14 started; log sequence number 47171; transaction id 9
2021-01-27 17:08:18 0 [Note] InnoDB: Loading buffer pool(s) from C:\xampp\mysql\data\ib_buffer_pool
2021-01-27 17:08:18 0 [Note] Plugin 'FEEDBACK' is disabled.
2021-01-27 17:08:18 0 [Note] InnoDB: Buffer pool(s) load completed at 210127 17:08:18
2021-01-27 17:08:18 0 [Note] Server socket created on IP: '127.0.0.1'.
2021-01-27 17:08:18 6 [Warning] Failed to load slave replication state from table mysql.gtid_slave_pos: 1932: Table 'mysql.gtid_slave_pos' doesn't exist in engine
2021-01-27 17:08:18 0 [Note] Reading of all Master_info entries succeeded
2021-01-27 17:08:18 0 [Note] Added new Master_info '' to hash table
2021-01-27 17:08:18 0 [Note] C:\xampp\mysql\bin\mysqld.exe: ready for connections.
Version: '10.4.14-MariaDB'  socket: ''  port: 3306  mariadb.org binary distribution
2021-01-27 17:08:29 0 [Note] C:\xampp\mysql\bin\mysqld.exe (initiated by: unknown): Normal shutdown
2021-01-27 17:08:29 0 [Note] Event Scheduler: Purging the queue. 0 events
2021-01-27 17:08:29 0 [Note] InnoDB: FTS optimize thread exiting.
2021-01-27 17:08:29 0 [Note] InnoDB: Starting shutdown...
2021-01-27 17:08:29 0 [Note] InnoDB: Dumping buffer pool(s) to C:\xampp\mysql\data\ib_buffer_pool
2021-01-27 17:08:29 0 [Note] InnoDB: Buffer pool(s) dump completed at 210127 17:08:29
2021-01-27 17:08:30 0 [Note] InnoDB: Shutdown completed; log sequence number 47180; transaction id 9
2021-01-27 17:08:30 0 [Note] InnoDB: Removed temporary tablespace data file: "ibtmp1"
2021-01-27 17:08:30 0 [Note] C:\xampp\mysql\bin\mysqld.exe: Shutdown complete

InnoDB: using atomic writes.
2021-01-27 17:09:10 0 [Note] InnoDB: Mutexes and rw_locks use Windows interlocked functions
2021-01-27 17:09:10 0 [Note] InnoDB: Uses event mutexes
2021-01-27 17:09:10 0 [Note] InnoDB: Compressed tables use zlib 1.2.11
2021-01-27 17:09:10 0 [Note] InnoDB: Number of pools: 1
2021-01-27 17:09:10 0 [Note] InnoDB: Using SSE2 crc32 instructions
2021-01-27 17:09:10 0 [Note] InnoDB: Initializing buffer pool, total size = 128M, instances = 1, chunk size = 128M
2021-01-27 17:09:10 0 [Note] InnoDB: Completed initialization of buffer pool
2021-01-27 17:09:10 0 [Note] InnoDB: 128 out of 128 rollback segments are active.
2021-01-27 17:09:10 0 [Note] InnoDB: Creating shared tablespace for temporary tables
2021-01-27 17:09:10 0 [Note] InnoDB: Setting file '.\ibtmp1' size to 12 MB. Physically writing the file full; Please wait ...
2021-01-27 17:09:10 0 [Note] InnoDB: File '.\ibtmp1' size is now 12 MB.
2021-01-27 17:09:10 0 [Note] InnoDB: Waiting for purge to start
2021-01-27 17:09:10 0 [Note] InnoDB: 10.4.14 started; log sequence number 47180; transaction id 9
2021-01-27 17:09:10 0 [Note] InnoDB: Loading buffer pool(s) from C:\xampp\mysql\data\ib_buffer_pool
2021-01-27 17:09:10 0 [Note] Plugin 'FEEDBACK' is disabled.
2021-01-27 17:09:10 0 [Note] InnoDB: Buffer pool(s) load completed at 210127 17:09:10
2021-01-27 17:09:10 0 [Note] Server socket created on IP: '127.0.0.1'.
2021-01-27 17:09:10 6 [Warning] Failed to load slave replication state from table mysql.gtid_slave_pos: 1932: Table 'mysql.gtid_slave_pos' doesn't exist in engine
2021-01-27 17:09:10 0 [Note] Reading of all Master_info entries succeeded
2021-01-27 17:09:10 0 [Note] Added new Master_info '' to hash table
2021-01-27 17:09:10 0 [Note] C:\xampp\mysql\bin\mysqld.exe: ready for connections.
Version: '10.4.14-MariaDB'  socket: ''  port: 3306  mariadb.org binary distribution
2021-01-27 17:09:29 0 [Note] C:\xampp\mysql\bin\mysqld.exe (initiated by: unknown): Normal shutdown
2021-01-27 17:09:29 0 [Note] Event Scheduler: Purging the queue. 0 events
2021-01-27 17:09:29 0 [Note] InnoDB: FTS optimize thread exiting.
2021-01-27 17:09:29 0 [Note] InnoDB: Starting shutdown...
2021-01-27 17:09:29 0 [Note] InnoDB: Dumping buffer pool(s) to C:\xampp\mysql\data\ib_buffer_pool
2021-01-27 17:09:29 0 [Note] InnoDB: Buffer pool(s) dump completed at 210127 17:09:29
2021-01-27 17:09:30 0 [Note] InnoDB: Shutdown completed; log sequence number 47189; transaction id 9
2021-01-27 17:09:30 0 [Note] InnoDB: Removed temporary tablespace data file: "ibtmp1"
2021-01-27 17:09:30 0 [Note] C:\xampp\mysql\bin\mysqld.exe: Shutdown complete

InnoDB: using atomic writes.
2021-01-27 17:09:42 0 [Note] InnoDB: Mutexes and rw_locks use Windows interlocked functions
2021-01-27 17:09:42 0 [Note] InnoDB: Uses event mutexes
2021-01-27 17:09:42 0 [Note] InnoDB: Compressed tables use zlib 1.2.11
2021-01-27 17:09:42 0 [Note] InnoDB: Number of pools: 1
2021-01-27 17:09:42 0 [Note] InnoDB: Using SSE2 crc32 instructions
2021-01-27 17:09:42 0 [Note] InnoDB: Initializing buffer pool, total size = 128M, instances = 1, chunk size = 128M
2021-01-27 17:09:42 0 [Note] InnoDB: Completed initialization of buffer pool
2021-01-27 17:09:42 0 [Note] InnoDB: 128 out of 128 rollback segments are active.
2021-01-27 17:09:42 0 [Note] InnoDB: Creating shared tablespace for temporary tables
2021-01-27 17:09:42 0 [Note] InnoDB: Setting file '.\ibtmp1' size to 12 MB. Physically writing the file full; Please wait ...
2021-01-27 17:09:42 0 [Note] InnoDB: File '.\ibtmp1' size is now 12 MB.
2021-01-27 17:09:42 0 [Note] InnoDB: Waiting for purge to start
2021-01-27 17:09:42 0 [Note] InnoDB: 10.4.14 started; log sequence number 47189; transaction id 9
2021-01-27 17:09:42 0 [Note] Plugin 'FEEDBACK' is disabled.
2021-01-27 17:09:42 0 [Note] InnoDB: Loading buffer pool(s) from C:\xampp\mysql\data\ib_buffer_pool
2021-01-27 17:09:42 0 [Note] InnoDB: Buffer pool(s) load completed at 210127 17:09:42
2021-01-27 17:09:42 0 [Note] Server socket created on IP: '127.0.0.1'.
2021-01-27 17:09:42 6 [Warning] Failed to load slave replication state from table mysql.gtid_slave_pos: 1932: Table 'mysql.gtid_slave_pos' doesn't exist in engine
2021-01-27 17:09:42 0 [Note] Reading of all Master_info entries succeeded
2021-01-27 17:09:42 0 [Note] Added new Master_info '' to hash table
2021-01-27 17:09:42 0 [Note] C:\xampp\mysql\bin\mysqld.exe: ready for connections.
Version: '10.4.14-MariaDB'  socket: ''  port: 3306  mariadb.org binary distribution
2021-01-27 17:09:57 0 [Note] C:\xampp\mysql\bin\mysqld.exe (initiated by: unknown): Normal shutdown
2021-01-27 17:09:57 0 [Note] Event Scheduler: Purging the queue. 0 events
2021-01-27 17:09:57 0 [Note] InnoDB: FTS optimize thread exiting.
2021-01-27 17:09:57 0 [Note] InnoDB: Starting shutdown...
2021-01-27 17:09:57 0 [Note] InnoDB: Dumping buffer pool(s) to C:\xampp\mysql\data\ib_buffer_pool
2021-01-27 17:09:57 0 [Note] InnoDB: Buffer pool(s) dump completed at 210127 17:09:57
2021-01-27 17:09:58 0 [Note] InnoDB: Shutdown completed; log sequence number 47198; transaction id 9
2021-01-27 17:09:58 0 [Note] InnoDB: Removed temporary tablespace data file: "ibtmp1"
2021-01-27 17:09:58 0 [Note] C:\xampp\mysql\bin\mysqld.exe: Shutdown complete

InnoDB: using atomic writes.
2021-01-27 17:22:13 0 [Note] InnoDB: Mutexes and rw_locks use Windows interlocked functions
2021-01-27 17:22:13 0 [Note] InnoDB: Uses event mutexes
2021-01-27 17:22:13 0 [Note] InnoDB: Compressed tables use zlib 1.2.11
2021-01-27 17:22:13 0 [Note] InnoDB: Number of pools: 1
2021-01-27 17:22:13 0 [Note] InnoDB: Using SSE2 crc32 instructions
2021-01-27 17:22:13 0 [Note] InnoDB: Initializing buffer pool, total size = 128M, instances = 1, chunk size = 128M
2021-01-27 17:22:13 0 [Note] InnoDB: Completed initialization of buffer pool
2021-01-27 17:22:13 0 [Note] InnoDB: 128 out of 128 rollback segments are active.
2021-01-27 17:22:13 0 [Note] InnoDB: Creating shared tablespace for temporary tables
2021-01-27 17:22:13 0 [Note] InnoDB: Setting file '.\ibtmp1' size to 12 MB. Physically writing the file full; Please wait ...
2021-01-27 17:22:13 0 [Note] InnoDB: File '.\ibtmp1' size is now 12 MB.
2021-01-27 17:22:13 0 [Note] InnoDB: Waiting for purge to start
2021-01-27 17:22:13 0 [Note] InnoDB: 10.4.14 started; log sequence number 47198; transaction id 9
2021-01-27 17:22:13 0 [Note] InnoDB: Loading buffer pool(s) from C:\xampp\mysql\data\ib_buffer_pool
2021-01-27 17:22:13 0 [Note] Plugin 'FEEDBACK' is disabled.
2021-01-27 17:22:13 0 [Note] InnoDB: Buffer pool(s) load completed at 210127 17:22:13
2021-01-27 17:22:13 0 [Note] Server socket created on IP: '127.0.0.1'.
2021-01-27 17:22:13 6 [Warning] Failed to load slave replication state from table mysql.gtid_slave_pos: 1932: Table 'mysql.gtid_slave_pos' doesn't exist in engine
2021-01-27 17:22:13 0 [Note] Reading of all Master_info entries succeeded
2021-01-27 17:22:13 0 [Note] Added new Master_info '' to hash table
2021-01-27 17:22:13 0 [Note] C:\xampp\mysql\bin\mysqld.exe: ready for connections.
Version: '10.4.14-MariaDB'  socket: ''  port: 3306  mariadb.org binary distribution
2021-01-27 17:48:17 9 [Warning] Aborted connection 9 to db: 'zentao' user: 'root' host: 'localhost' (Got an error reading communication packets)
2021-01-27 17:48:18 0 [Note] C:\xampp\mysql\bin\mysqld.exe (initiated by: unknown): Normal shutdown
2021-01-27 17:48:18 0 [Note] Event Scheduler: Purging the queue. 0 events
2021-01-27 17:48:18 0 [Note] InnoDB: FTS optimize thread exiting.
2021-01-27 17:48:18 0 [Note] InnoDB: Starting shutdown...
2021-01-27 17:48:18 0 [Note] InnoDB: Dumping buffer pool(s) to C:\xampp\mysql\data\ib_buffer_pool
2021-01-27 17:48:18 0 [Note] InnoDB: Buffer pool(s) dump completed at 210127 17:48:18
2021-01-27 17:48:18 0 [Note] InnoDB: Shutdown completed; log sequence number 47207; transaction id 9
2021-01-27 17:48:18 0 [Note] InnoDB: Removed temporary tablespace data file: "ibtmp1"
2021-01-27 17:48:18 0 [Note] C:\xampp\mysql\bin\mysqld.exe: Shutdown complete

